# JRE version: OpenJDK Runtime Environment GraalVM CE 21.3.0 (17.0.1+12) (build 17.0.1+12-jvmci-21.3-b05)
# Java VM: OpenJDK 64-Bit Server VM GraalVM CE 21.3.0 (17.0.1+12-jvmci-21.3-b05, mixed mode, sharing, tiered, jvmci, jvmci compiler, compressed oops, compressed class ptrs, parallel gc, linux-amd64)
GC Precious Log:
 CPUs: 8 total, 2 available
 Memory: 3215M
 Large Page Support: Disabled
 NUMA Support: Disabled
 Compressed Oops: Enabled (32-bit)
 Alignments: Space 512K, Generation 512K, Heap 2M
 Heap Min Capacity: 100M
 Heap Initial Capacity: 100M
 Heap Max Capacity: 512M
 Pre-touch: Disabled
 Parallel Workers: 2
Heap:
 PSYoungGen      total 24576K, used 7742K [0x00000000f5580000, 0x00000000f7000000, 0x0000000100000000)
  eden space 22016K, 25% used [0x00000000f5580000,0x00000000f5aedbc8,0x00000000f6b00000)
  from space 2560K, 85% used [0x00000000f6c00000,0x00000000f6e21d28,0x00000000f6e80000)
  to   space 1536K, 0% used [0x00000000f6e80000,0x00000000f6e80000,0x00000000f7000000)
 ParOldGen       total 68608K, used 30731K [0x00000000e0000000, 0x00000000e4300000, 0x00000000f5580000)
  object space 68608K, 44% used [0x00000000e0000000,0x00000000e1e02d10,0x00000000e4300000)
 Metaspace       used 44571K, committed 45376K, reserved 1089536K
  class space    used 4518K, committed 4864K, reserved 1048576K
GC Heap History (20 events):
Event: 35.516 GC heap before
{Heap before GC invocations=6 (full 1):
 PSYoungGen      total 29696K, used 28031K [0x00000000f5580000, 0x00000000f7680000, 0x0000000100000000)
  eden space 25600K, 100% used [0x00000000f5580000,0x00000000f6e80000,0x00000000f6e80000)
  from space 4096K, 59% used [0x00000000f7280000,0x00000000f74dfcd8,0x00000000f7680000)
  to   space 4096K, 0% used [0x00000000f6e80000,0x00000000f6e80000,0x00000000f7280000)
 ParOldGen       total 68608K, used 11241K [0x00000000e0000000, 0x00000000e4300000, 0x00000000f5580000)
  object space 68608K, 16% used [0x00000000e0000000,0x00000000e0afa7c8,0x00000000e4300000)
 Metaspace       used 30537K, committed 31232K, reserved 1081344K
  class space    used 3206K, committed 3520K, reserved 1048576K
}
Event: 35.603 GC heap after
{Heap after GC invocations=6 (full 1):
 PSYoungGen      total 29184K, used 4095K [0x00000000f5580000, 0x00000000f7800000, 0x0000000100000000)
  eden space 25088K, 0% used [0x00000000f5580000,0x00000000f5580000,0x00000000f6e00000)
  from space 4096K, 99% used [0x00000000f6e80000,0x00000000f727fcf8,0x00000000f7280000)
  to   space 5120K, 0% used [0x00000000f7300000,0x00000000f7300000,0x00000000f7800000)
 ParOldGen       total 68608K, used 11609K [0x00000000e0000000, 0x00000000e4300000, 0x00000000f5580000)
  object space 68608K, 16% used [0x00000000e0000000,0x00000000e0b567c8,0x00000000e4300000)
 Metaspace       used 30537K, committed 31232K, reserved 1081344K
  class space    used 3206K, committed 3520K, reserved 1048576K
}
Event: 38.072 GC heap before
{Heap before GC invocations=7 (full 1):
 PSYoungGen      total 29184K, used 29183K [0x00000000f5580000, 0x00000000f7800000, 0x0000000100000000)
  eden space 25088K, 100% used [0x00000000f5580000,0x00000000f6e00000,0x00000000f6e00000)
  from space 4096K, 99% used [0x00000000f6e80000,0x00000000f727fcf8,0x00000000f7280000)
  to   space 5120K, 0% used [0x00000000f7300000,0x00000000f7300000,0x00000000f7800000)
 ParOldGen       total 68608K, used 11609K [0x00000000e0000000, 0x00000000e4300000, 0x00000000f5580000)
  object space 68608K, 16% used [0x00000000e0000000,0x00000000e0b567c8,0x00000000e4300000)
 Metaspace       used 31795K, committed 32576K, reserved 1081344K
  class space    used 3343K, committed 3648K, reserved 1048576K
}
Event: 38.134 GC heap after
{Heap after GC invocations=7 (full 1):
 PSYoungGen      total 28160K, used 5101K [0x00000000f5580000, 0x00000000f7b80000, 0x0000000100000000)
  eden space 23040K, 0% used [0x00000000f5580000,0x00000000f5580000,0x00000000f6c00000)
  from space 5120K, 99% used [0x00000000f7300000,0x00000000f77fb718,0x00000000f7800000)
  to   space 7168K, 0% used [0x00000000f6c00000,0x00000000f6c00000,0x00000000f7300000)
 ParOldGen       total 68608K, used 12971K [0x00000000e0000000, 0x00000000e4300000, 0x00000000f5580000)
  object space 68608K, 18% used [0x00000000e0000000,0x00000000e0caad70,0x00000000e4300000)
 Metaspace       used 31795K, committed 32576K, reserved 1081344K
  class space    used 3343K, committed 3648K, reserved 1048576K
}
Event: 39.254 GC heap before
{Heap before GC invocations=8 (full 1):
 PSYoungGen      total 28160K, used 28141K [0x00000000f5580000, 0x00000000f7b80000, 0x0000000100000000)
  eden space 23040K, 100% used [0x00000000f5580000,0x00000000f6c00000,0x00000000f6c00000)
  from space 5120K, 99% used [0x00000000f7300000,0x00000000f77fb718,0x00000000f7800000)
  to   space 7168K, 0% used [0x00000000f6c00000,0x00000000f6c00000,0x00000000f7300000)
 ParOldGen       total 68608K, used 12971K [0x00000000e0000000, 0x00000000e4300000, 0x00000000f5580000)
  object space 68608K, 18% used [0x00000000e0000000,0x00000000e0caad70,0x00000000e4300000)
 Metaspace       used 32419K, committed 33152K, reserved 1081344K
  class space    used 3417K, committed 3712K, reserved 1048576K
}
Event: 39.339 GC heap after
{Heap after GC invocations=8 (full 1):
 PSYoungGen      total 29696K, used 7165K [0x00000000f5580000, 0x00000000f7a80000, 0x0000000100000000)
  eden space 22528K, 0% used [0x00000000f5580000,0x00000000f5580000,0x00000000f6b80000)
  from space 7168K, 99% used [0x00000000f6c00000,0x00000000f72ff4b0,0x00000000f7300000)
  to   space 7680K, 0% used [0x00000000f7300000,0x00000000f7300000,0x00000000f7a80000)
 ParOldGen       total 68608K, used 13123K [0x00000000e0000000, 0x00000000e4300000, 0x00000000f5580000)
  object space 68608K, 19% used [0x00000000e0000000,0x00000000e0cd0d70,0x00000000e4300000)
 Metaspace       used 32419K, committed 33152K, reserved 1081344K
  class space    used 3417K, committed 3712K, reserved 1048576K
}
Event: 40.711 GC heap before
{Heap before GC invocations=9 (full 1):
 PSYoungGen      total 29696K, used 29693K [0x00000000f5580000, 0x00000000f7a80000, 0x0000000100000000)
  eden space 22528K, 100% used [0x00000000f5580000,0x00000000f6b80000,0x00000000f6b80000)
  from space 7168K, 99% used [0x00000000f6c00000,0x00000000f72ff4b0,0x00000000f7300000)
  to   space 7680K, 0% used [0x00000000f7300000,0x00000000f7300000,0x00000000f7a80000)
 ParOldGen       total 68608K, used 13123K [0x00000000e0000000, 0x00000000e4300000, 0x00000000f5580000)
  object space 68608K, 19% used [0x00000000e0000000,0x00000000e0cd0d70,0x00000000e4300000)
 Metaspace       used 33034K, committed 33792K, reserved 1081344K
  class space    used 3499K, committed 3776K, reserved 1048576K
}
Event: 40.828 GC heap after
{Heap after GC invocations=9 (full 1):
 PSYoungGen      total 29696K, used 7674K [0x00000000f5580000, 0x00000000f7b00000, 0x0000000100000000)
  eden space 22016K, 0% used [0x00000000f5580000,0x00000000f5580000,0x00000000f6b00000)
  from space 7680K, 99% used [0x00000000f7300000,0x00000000f7a7e958,0x00000000f7a80000)
  to   space 8192K, 0% used [0x00000000f6b00000,0x00000000f6b00000,0x00000000f7300000)
 ParOldGen       total 68608K, used 14856K [0x00000000e0000000, 0x00000000e4300000, 0x00000000f5580000)
  object space 68608K, 21% used [0x00000000e0000000,0x00000000e0e82210,0x00000000e4300000)
 Metaspace       used 33034K, committed 33792K, reserved 1081344K
  class space    used 3499K, committed 3776K, reserved 1048576K
}
Event: 41.510 GC heap before
{Heap before GC invocations=10 (full 1):
 PSYoungGen      total 29696K, used 29509K [0x00000000f5580000, 0x00000000f7b00000, 0x0000000100000000)
  eden space 22016K, 99% used [0x00000000f5580000,0x00000000f6ad2cb8,0x00000000f6b00000)
  from space 7680K, 99% used [0x00000000f7300000,0x00000000f7a7e958,0x00000000f7a80000)
  to   space 8192K, 0% used [0x00000000f6b00000,0x00000000f6b00000,0x00000000f7300000)
 ParOldGen       total 68608K, used 14856K [0x00000000e0000000, 0x00000000e4300000, 0x00000000f5580000)
  object space 68608K, 21% used [0x00000000e0000000,0x00000000e0e82210,0x00000000e4300000)
 Metaspace       used 33323K, committed 34048K, reserved 1081344K
  class space    used 3540K, committed 3840K, reserved 1048576K
}
Event: 41.643 GC heap after
{Heap after GC invocations=10 (full 1):
 PSYoungGen      total 29184K, used 6816K [0x00000000f5580000, 0x00000000f7900000, 0x0000000100000000)
  eden space 22016K, 0% used [0x00000000f5580000,0x00000000f5580000,0x00000000f6b00000)
  from space 7168K, 95% used [0x00000000f6b00000,0x00000000f71a8020,0x00000000f7200000)
  to   space 7168K, 0% used [0x00000000f7200000,0x00000000f7200000,0x00000000f7900000)
 ParOldGen       total 68608K, used 18178K [0x00000000e0000000, 0x00000000e4300000, 0x00000000f5580000)
  object space 68608K, 26% used [0x00000000e0000000,0x00000000e11c0bc0,0x00000000e4300000)
 Metaspace       used 33323K, committed 34048K, reserved 1081344K
  class space    used 3540K, committed 3840K, reserved 1048576K
}
Event: 42.371 GC heap before
{Heap before GC invocations=11 (full 1):
 PSYoungGen      total 29184K, used 28832K [0x00000000f5580000, 0x00000000f7900000, 0x0000000100000000)
  eden space 22016K, 100% used [0x00000000f5580000,0x00000000f6b00000,0x00000000f6b00000)
  from space 7168K, 95% used [0x00000000f6b00000,0x00000000f71a8020,0x00000000f7200000)
  to   space 7168K, 0% used [0x00000000f7200000,0x00000000f7200000,0x00000000f7900000)
 ParOldGen       total 68608K, used 18178K [0x00000000e0000000, 0x00000000e4300000, 0x00000000f5580000)
  object space 68608K, 26% used [0x00000000e0000000,0x00000000e11c0bc0,0x00000000e4300000)
 Metaspace       used 33762K, committed 34560K, reserved 1081344K
  class space    used 3600K, committed 3968K, reserved 1048576K
}
Event: 42.444 GC heap after
{Heap after GC invocations=11 (full 1):
 PSYoungGen      total 27136K, used 4960K [0x00000000f5580000, 0x00000000f7700000, 0x0000000100000000)
  eden space 22016K, 0% used [0x00000000f5580000,0x00000000f5580000,0x00000000f6b00000)
  from space 5120K, 96% used [0x00000000f7200000,0x00000000f76d8020,0x00000000f7700000)
  to   space 6144K, 0% used [0x00000000f6b00000,0x00000000f6b00000,0x00000000f7100000)
 ParOldGen       total 68608K, used 22421K [0x00000000e0000000, 0x00000000e4300000, 0x00000000f5580000)
  object space 68608K, 32% used [0x00000000e0000000,0x00000000e15e5508,0x00000000e4300000)
 Metaspace       used 33762K, committed 34560K, reserved 1081344K
  class space    used 3600K, committed 3968K, reserved 1048576K
}
Event: 42.925 GC heap before
{Heap before GC invocations=12 (full 1):
 PSYoungGen      total 27136K, used 26976K [0x00000000f5580000, 0x00000000f7700000, 0x0000000100000000)
  eden space 22016K, 100% used [0x00000000f5580000,0x00000000f6b00000,0x00000000f6b00000)
  from space 5120K, 96% used [0x00000000f7200000,0x00000000f76d8020,0x00000000f7700000)
  to   space 6144K, 0% used [0x00000000f6b00000,0x00000000f6b00000,0x00000000f7100000)
 ParOldGen       total 68608K, used 22421K [0x00000000e0000000, 0x00000000e4300000, 0x00000000f5580000)
  object space 68608K, 32% used [0x00000000e0000000,0x00000000e15e5508,0x00000000e4300000)
 Metaspace       used 33859K, committed 34624K, reserved 1081344K
  class space    used 3609K, committed 3968K, reserved 1048576K
}
Event: 43.209 GC heap after
{Heap after GC invocations=12 (full 1):
 PSYoungGen      total 24576K, used 2240K [0x00000000f5580000, 0x00000000f7280000, 0x0000000100000000)
  eden space 22016K, 0% used [0x00000000f5580000,0x00000000f5580000,0x00000000f6b00000)
  from space 2560K, 87% used [0x00000000f6b00000,0x00000000f6d30000,0x00000000f6d80000)
  to   space 3584K, 0% used [0x00000000f6f00000,0x00000000f6f00000,0x00000000f7280000)
 ParOldGen       total 68608K, used 27352K [0x00000000e0000000, 0x00000000e4300000, 0x00000000f5580000)
  object space 68608K, 39% used [0x00000000e0000000,0x00000000e1ab60f0,0x00000000e4300000)
 Metaspace       used 33859K, committed 34624K, reserved 1081344K
  class space    used 3609K, committed 3968K, reserved 1048576K
}
Event: 45.682 GC heap before
{Heap before GC invocations=13 (full 1):
 PSYoungGen      total 24576K, used 12971K [0x00000000f5580000, 0x00000000f7280000, 0x0000000100000000)
  eden space 22016K, 48% used [0x00000000f5580000,0x00000000f5ffadd0,0x00000000f6b00000)
  from space 2560K, 87% used [0x00000000f6b00000,0x00000000f6d30000,0x00000000f6d80000)
  to   space 3584K, 0% used [0x00000000f6f00000,0x00000000f6f00000,0x00000000f7280000)
 ParOldGen       total 68608K, used 27352K [0x00000000e0000000, 0x00000000e4300000, 0x00000000f5580000)
  object space 68608K, 39% used [0x00000000e0000000,0x00000000e1ab60f0,0x00000000e4300000)
 Metaspace       used 35097K, committed 35840K, reserved 1081344K
  class space    used 3718K, committed 4032K, reserved 1048576K
}
Event: 45.820 GC heap after
{Heap after GC invocations=13 (full 1):
 PSYoungGen      total 24064K, used 1728K [0x00000000f5580000, 0x00000000f7100000, 0x0000000100000000)
  eden space 22016K, 0% used [0x00000000f5580000,0x00000000f5580000,0x00000000f6b00000)
  from space 2048K, 84% used [0x00000000f6f00000,0x00000000f70b0000,0x00000000f7100000)
  to   space 2560K, 0% used [0x00000000f6c00000,0x00000000f6c00000,0x00000000f6e80000)
 ParOldGen       total 68608K, used 29568K [0x00000000e0000000, 0x00000000e4300000, 0x00000000f5580000)
  object space 68608K, 43% used [0x00000000e0000000,0x00000000e1ce00f0,0x00000000e4300000)
 Metaspace       used 35097K, committed 35840K, reserved 1081344K
  class space    used 3718K, committed 4032K, reserved 1048576K
}
Event: 45.820 GC heap before
{Heap before GC invocations=14 (full 2):
 PSYoungGen      total 24064K, used 1728K [0x00000000f5580000, 0x00000000f7100000, 0x0000000100000000)
  eden space 22016K, 0% used [0x00000000f5580000,0x00000000f5580000,0x00000000f6b00000)
  from space 2048K, 84% used [0x00000000f6f00000,0x00000000f70b0000,0x00000000f7100000)
  to   space 2560K, 0% used [0x00000000f6c00000,0x00000000f6c00000,0x00000000f6e80000)
 ParOldGen       total 68608K, used 29568K [0x00000000e0000000, 0x00000000e4300000, 0x00000000f5580000)
  object space 68608K, 43% used [0x00000000e0000000,0x00000000e1ce00f0,0x00000000e4300000)
 Metaspace       used 35097K, committed 35840K, reserved 1081344K
  class space    used 3718K, committed 4032K, reserved 1048576K
}
Event: 47.680 GC heap after
{Heap after GC invocations=14 (full 2):
 PSYoungGen      total 24064K, used 0K [0x00000000f5580000, 0x00000000f7100000, 0x0000000100000000)
  eden space 22016K, 0% used [0x00000000f5580000,0x00000000f5580000,0x00000000f6b00000)
  from space 2048K, 0% used [0x00000000f6f00000,0x00000000f6f00000,0x00000000f7100000)
  to   space 2560K, 0% used [0x00000000f6c00000,0x00000000f6c00000,0x00000000f6e80000)
 ParOldGen       total 68608K, used 30723K [0x00000000e0000000, 0x00000000e4300000, 0x00000000f5580000)
  object space 68608K, 44% used [0x00000000e0000000,0x00000000e1e00d10,0x00000000e4300000)
 Metaspace       used 35097K, committed 35840K, reserved 1081344K
  class space    used 3718K, committed 4032K, reserved 1048576K
}
Event: 59.641 GC heap before
{Heap before GC invocations=15 (full 2):
 PSYoungGen      total 24064K, used 22010K [0x00000000f5580000, 0x00000000f7100000, 0x0000000100000000)
  eden space 22016K, 99% used [0x00000000f5580000,0x00000000f6afeaa0,0x00000000f6b00000)
  from space 2048K, 0% used [0x00000000f6f00000,0x00000000f6f00000,0x00000000f7100000)
  to   space 2560K, 0% used [0x00000000f6c00000,0x00000000f6c00000,0x00000000f6e80000)
 ParOldGen       total 68608K, used 30723K [0x00000000e0000000, 0x00000000e4300000, 0x00000000f5580000)
  object space 68608K, 44% used [0x00000000e0000000,0x00000000e1e00d10,0x00000000e4300000)
 Metaspace       used 43146K, committed 43968K, reserved 1089536K
  class space    used 4375K, committed 4736K, reserved 1048576K
}
Event: 59.757 GC heap after
{Heap after GC invocations=15 (full 2):
 PSYoungGen      total 24576K, used 2183K [0x00000000f5580000, 0x00000000f7000000, 0x0000000100000000)
  eden space 22016K, 0% used [0x00000000f5580000,0x00000000f5580000,0x00000000f6b00000)
  from space 2560K, 85% used [0x00000000f6c00000,0x00000000f6e21d28,0x00000000f6e80000)
  to   space 1536K, 0% used [0x00000000f6e80000,0x00000000f6e80000,0x00000000f7000000)
 ParOldGen       total 68608K, used 30731K [0x00000000e0000000, 0x00000000e4300000, 0x00000000f5580000)
  object space 68608K, 44% used [0x00000000e0000000,0x00000000e1e02d10,0x00000000e4300000)
 Metaspace       used 43146K, committed 43968K, reserved 1089536K
  class space    used 4375K, committed 4736K, reserved 1048576K
}

